[0, 0, 0, 0, 0, 0, 0, 0, 0, 0, 0, 0, 0, 0, 0, 0, 0, 0, 0, 0, 0]
(0, ',holding,', 220)
(1, ',holding,', 65336)
(2, ',holding,', 65386)
(3, ',holding,', 65436)
(4, ',holding,', 65486)
(5, ',holding,', 0)
(6, ',holding,', 50)
(7, ',holding,', 100)
(8, ',holding,', 150)
(9, ',holding,', 250)
(10, ',holding,', 240)
(11, ',holding,', 230)
(12, ',holding,', 230)
(13, ',holding,', 220)
(14, ',holding,', 200)
(15, ',holding,', 180)
(16, ',holding,', 180)
(17, ',holding,', 210)
(18, ',holding,', 180)
(19, ',holding,', 150)
(20, ',holding,', 210)
(21, ',holding,', 300)
(22, ',holding,', 280)
(23, ',holding,', 1000)
(24, ',holding,', 1000)
(25, ',holding,', 1000)
(26, ',holding,', 1000)
(27, ',holding,', 1000)
(28, ',holding,', 1500)
(29, ',holding,', 1000)
(30, ',holding,', 1500)
(31, ',holding,', 10000)
(32, ',holding,', 250)
(33, ',holding,', 50)
(34, ',holding,', 65506)
(35, ',holding,', 10)
(36, ',holding,', 500)
(37, ',holding,', 800)
(38, ',holding,', 200)
(39, ',holding,', 700)
(40, ',holding,', 1900)
(41, ',holding,', 0)
(42, ',holding,', 0)
(43, ',holding,', 700)
(44, ',holding,', 1900)
(45, ',holding,', 0)
(46, ',holding,', 0)
(47, ',holding,', 700)
(48, ',holding,', 1900)
(49, ',holding,', 0)
(50, ',holding,', 0)
(51, ',holding,', 700)
(52, ',holding,', 1900)
(53, ',holding,', 0)
(54, ',holding,', 0)
(55, ',holding,', 700)
(56, ',holding,', 1900)
(57, ',holding,', 0)
(58, ',holding,', 0)
(59, ',holding,', 0)
(60, ',holding,', 0)
(61, ',holding,', 0)
(62, ',holding,', 0)
(63, ',holding,', 0)
(64, ',holding,', 0)
(65, ',holding,', 0)
(66, ',holding,', 0)
(67, ',holding,', 0)
(68, ',holding,', 0)
(69, ',holding,', 0)
(70, ',holding,', 0)
(71, ',holding,', 0)
(72, ',holding,', 2400)
(73, ',holding,', 0)
(74, ',holding,', 0)
(75, ',holding,', 0)
(76, ',holding,', 2400)
(77, ',holding,', 0)
(78, ',holding,', 0)
(79, ',holding,', 0)
(80, ',holding,', 2400)
(81, ',holding,', 0)
(82, ',holding,', 0)
(83, ',holding,', 0)
(84, ',holding,', 2400)
(85, ',holding,', 0)
(86, ',holding,', 0)
(87, ',holding,', 0)
(88, ',holding,', 2400)
(89, ',holding,', 0)
(90, ',holding,', 0)
(91, ',holding,', 0)
(92, ',holding,', 2400)
(93, ',holding,', 0)
(94, ',holding,', 0)
(95, ',holding,', 0)
(96, ',holding,', 2400)
(97, ',holding,', 0)
(98, ',holding,', 0)
(99, ',holding,', 0)
(100, ',holding,', 0)
(101, ',holding,', 0)
(102, ',holding,', 0)
(103, ',holding,', 0)
(104, ',holding,', 0)
(105, ',holding,', 0)
(106, ',holding,', 0)
(107, ',holding,', 0)
(108, ',holding,', 0)
(109, ',holding,', 0)
(110, ',holding,', 0)
(111, ',holding,', 0)
(112, ',holding,', 0)
(113, ',holding,', 0)
(114, ',holding,', 0)
(115, ',holding,', 0)
(116, ',holding,', 0)
(117, ',holding,', 0)
(118, ',holding,', 0)
(119, ',holding,', 0)
(120, ',holding,', 0)
(121, ',holding,', 0)
(122, ',holding,', 0)
(123, ',holding,', 0)
(124, ',holding,', 0)
(125, ',holding,', 0)
(126, ',holding,', 0)
(127, ',holding,', 0)
(128, ',holding,', 0)
(129, ',holding,', 0)
(130, ',holding,', 0)
(131, ',holding,', 0)
(132, ',holding,', 0)
(133, ',holding,', 0)
(134, ',holding,', 0)
(135, ',holding,', 0)
(136, ',holding,', 0)
(137, ',holding,', 0)
(138, ',holding,', 0)
(139, ',holding,', 0)
(140, ',holding,', 0)
(141, ',holding,', 0)
(142, ',holding,', 0)
(143, ',holding,', 0)
(144, ',holding,', 0)
(145, ',holding,', 0)
(146, ',holding,', 0)
(147, ',holding,', 0)
(148, ',holding,', 0)
(149, ',holding,', 0)
(150, ',holding,', 0)
(151, ',holding,', 0)
(152, ',holding,', 0)
(153, ',holding,', 0)
(154, ',holding,', 0)
(155, ',holding,', 0)
(156, ',holding,', 0)
(157, ',holding,', 0)
(158, ',holding,', 0)
(159, ',holding,', 0)
(160, ',holding,', 0)
(161, ',holding,', 0)
(162, ',holding,', 0)
(163, ',holding,', 0)
(164, ',holding,', 0)
(165, ',holding,', 0)
(166, ',holding,', 0)
(167, ',holding,', 0)
(168, ',holding,', 0)
(169, ',holding,', 0)
(170, ',holding,', 0)
(171, ',holding,', 0)
(172, ',holding,', 0)
(173, ',holding,', 0)
(174, ',holding,', 0)
(175, ',holding,', 0)
(176, ',holding,', 0)
(177, ',holding,', 0)
(178, ',holding,', 0)
(179, ',holding,', 0)
(180, ',holding,', 0)
(181, ',holding,', 0)
(182, ',holding,', 0)
(183, ',holding,', 0)
(184, ',holding,', 0)
(185, ',holding,', 0)
(186, ',holding,', 0)
(187, ',holding,', 0)
(188, ',holding,', 0)
(189, ',holding,', 0)
(190, ',holding,', 0)
(191, ',holding,', 0)
(192, ',holding,', 0)
(193, ',holding,', 0)
(194, ',holding,', 0)
(195, ',holding,', 0)
(196, ',holding,', 0)
(197, ',holding,', 0)
(198, ',holding,', 0)
(199, ',holding,', 0)
(200, ',holding,', 0)
(201, ',holding,', 0)
(202, ',holding,', 0)
(203, ',holding,', 0)
(204, ',holding,', 0)
(205, ',holding,', 0)
(206, ',holding,', 0)
(207, ',holding,', 0)
(208, ',holding,', 0)
(209, ',holding,', 0)
(210, ',holding,', 0)
(211, ',holding,', 0)
(212, ',holding,', 0)
(213, ',holding,', 0)
(214, ',holding,', 0)
(215, ',holding,', 0)
(216, ',holding,', 0)
(217, ',holding,', 0)
(218, ',holding,', 0)
(219, ',holding,', 0)
(220, ',holding,', 0)
(221, ',holding,', 0)
(222, ',holding,', 0)
(223, ',holding,', 0)
(224, ',holding,', 0)
(225, ',holding,', 0)
(226, ',holding,', 0)
(227, ',holding,', 0)
(228, ',holding,', 0)
(229, ',holding,', 0)
(230, ',holding,', 0)
(231, ',holding,', 0)
(232, ',holding,', 0)
(233, ',holding,', 0)
(234, ',holding,', 0)
(235, ',holding,', 0)
(236, ',holding,', 0)
(237, ',holding,', 0)
(238, ',holding,', 0)
(239, ',holding,', 0)
(240, ',holding,', 0)
(241, ',holding,', 0)
(242, ',holding,', 0)
(243, ',holding,', 0)
(244, ',holding,', 0)
(245, ',holding,', 0)
(246, ',holding,', 0)
(247, ',holding,', 0)
(248, ',holding,', 0)
(249, ',holding,', 0)
(250, ',holding,', 0)
(251, ',holding,', 0)
(252, ',holding,', 0)
(253, ',holding,', 0)
(254, ',holding,', 0)
(255, ',holding,', 0)
(256, ',holding,', 0)
(257, ',holding,', 0)
(258, ',holding,', 0)
(259, ',holding,', 0)
(260, ',holding,', 0)
(261, ',holding,', 0)
(262, ',holding,', 0)
(263, ',holding,', 101)
(264, ',holding,', 101)
(265, ',holding,', 101)
(266, ',holding,', 101)
(267, ',holding,', 101)
(268, ',holding,', 101)
(269, ',holding,', 101)
(270, ',holding,', 101)
(271, ',holding,', 101)
(272, ',holding,', 101)
(273, ',holding,', 101)
(274, ',holding,', 101)
(275, ',holding,', 101)
(276, ',holding,', 101)
(277, ',holding,', 101)
(278, ',holding,', 101)
(279, ',holding,', 101)
(280, ',holding,', 101)
(281, ',holding,', 101)
(282, ',holding,', 101)
(283, ',holding,', 101)
(284, ',holding,', 101)
(285, ',holding,', 101)
(286, ',holding,', 101)
(287, ',holding,', 101)
(288, ',holding,', 101)
(289, ',holding,', 101)
(290, ',holding,', 101)
(291, ',holding,', 101)
(292, ',holding,', 101)
(293, ',holding,', 101)
(294, ',holding,', 101)
(295, ',holding,', 101)
(296, ',holding,', 101)
(297, ',holding,', 101)
(298, ',holding,', 101)
(299, ',holding,', 101)
(300, ',holding,', 101)
(301, ',holding,', 101)
(302, ',holding,', 101)
(303, ',holding,', 101)
(304, ',holding,', 101)
(305, ',holding,', 101)
(306, ',holding,', 101)
(307, ',holding,', 101)
(308, ',holding,', 101)
(309, ',holding,', 101)
(310, ',holding,', 101)
(311, ',holding,', 330)
(312, ',holding,', 1000)
(313, ',holding,', 1000)
(314, ',holding,', 3000)
(315, ',holding,', 1000)
(316, ',holding,', 3000)
(317, ',holding,', 1000)
(318, ',holding,', 1000)
(319, ',holding,', 1000)
(320, ',holding,', 1000)
(321, ',holding,', 8000)
(322, ',holding,', 80)
(323, ',holding,', 8000)
(324, ',holding,', 80)
(325, ',holding,', 32767)
(326, ',holding,', 80)
(327, ',holding,', 32767)
(328, ',holding,', 80)
(329, ',holding,', 1000)
(330, ',holding,', 3000)
(331, ',holding,', 100)
(332, ',holding,', 600)
(333, ',holding,', 100)
(334, ',holding,', 400)
(335, ',holding,', 100)
(336, ',holding,', 300)
(337, ',holding,', 100)
(338, ',holding,', 70)
(339, ',holding,', 1000)
(340, ',holding,', 1000)
(341, ',holding,', 500)
(342, ',holding,', 30)
(343, ',holding,', 60)
(344, ',holding,', 60)
(345, ',holding,', 30)
(346, ',holding,', 30)
(347, ',holding,', 30)
(348, ',holding,', 30)
(349, ',holding,', 3)
(350, ',holding,', 5)
(351, ',holding,', 5)
(352, ',holding,', 30)
(353, ',holding,', 30)
(354, ',holding,', 72)
(355, ',holding,', 5)
(356, ',holding,', 5)
(357, ',holding,', 20)
(358, ',holding,', 1)
(359, ',holding,', 5)
(360, ',holding,', 0)
(361, ',holding,', 0)
(362, ',holding,', 3)
(363, ',holding,', 0)
(364, ',holding,', 3)
(365, ',holding,', 5)
(366, ',holding,', 20)
(367, ',holding,', 3)
(368, ',holding,', 2)
(369, ',holding,', 1000)
(370, ',holding,', 3)
(371, ',holding,', 3)
(372, ',holding,', 3)
(373, ',holding,', 602)
(374, ',holding,', 3)
(375, ',holding,', 453)
(376, ',holding,', 2)
(377, ',holding,', 1000)
(378, ',holding,', 2)
(379, ',holding,', 1000)
(380, ',holding,', 2)
(381, ',holding,', 0)
(382, ',holding,', 2)
(383, ',holding,', 0)
(384, ',holding,', 2)
(385, ',holding,', 2)
(386, ',holding,', 2)
(387, ',holding,', 2)
(388, ',holding,', 2)
(389, ',holding,', 2)
(390, ',holding,', 2)
(391, ',holding,', 7)
(392, ',holding,', 4)
(393, ',holding,', 4)
(394, ',holding,', 4)
(395, ',holding,', 4)
(396, ',holding,', 4)
(397, ',holding,', 4)
(398, ',holding,', 4)
(399, ',holding,', 255)
(400, ',holding,', 255)
(401, ',holding,', 255)
(402, ',holding,', 100)
(403, ',holding,', 300)
(404, ',holding,', 120)
(405, ',holding,', 40)
(406, ',holding,', 57)
(407, ',holding,', 9)
(408, ',holding,', 4)
(409, ',holding,', 8)
(410, ',holding,', 22)
(411, ',holding,', 2)
(412, ',holding,', 18)
(413, ',holding,', 0)
(414, ',holding,', 65336)
(415, ',holding,', 0)
(416, ',holding,', 100)
(417, ',holding,', 100)
(418, ',holding,', 150)
(419, ',holding,', 50)
(420, ',holding,', 2)
(421, ',holding,', 0)
(422, ',holding,', 0)
(423, ',holding,', 750)
(424, ',holding,', 500)
(425, ',holding,', 750)
(426, ',holding,', 500)
(427, ',holding,', 0)
(428, ',holding,', 0)
(429, ',holding,', 0)
(430, ',holding,', 130)
(431, ',holding,', 130)
(432, ',holding,', 130)
(433, ',holding,', 0)
(434, ',holding,', 180)
(435, ',holding,', 0)
(436, ',holding,', 2)
(437, ',holding,', 0)
(438, ',holding,', 180)
(439, ',holding,', 300)
(440, ',holding,', 0)
(441, ',holding,', 0)
(442, ',holding,', 1010)
(443, ',holding,', 5)
(444, ',holding,', 1010)
(445, ',holding,', 5)
(446, ',holding,', 8)
(447, ',holding,', 2)
(448, ',holding,', 0)
(449, ',holding,', 0)
(450, ',holding,', 2)
(451, ',holding,', 80)
(452, ',holding,', 190)
(453, ',holding,', 10)
(454, ',holding,', 10)
(455, ',holding,', 2)
(456, ',holding,', 0)
(457, ',holding,', 6)
(458, ',holding,', 5)
(459, ',holding,', 1)
(460, ',holding,', 0)
(461, ',holding,', 0)
(462, ',holding,', 0)
(463, ',holding,', 1)
(464, ',holding,', 8000)
(465, ',holding,', 10000)
(466, ',holding,', 1600)
(467, ',holding,', 130)
(468, ',holding,', 2)
(469, ',holding,', 0)
(470, ',holding,', 0)
(471, ',holding,', 0)
(472, ',holding,', 2)
(473, ',holding,', 0)
(474, ',holding,', 7)
(475, ',holding,', 1)
(476, ',holding,', 0)
(477, ',holding,', 1)
(478, ',holding,', 220)
(479, ',holding,', 180)
(480, ',holding,', 100)
(481, ',holding,', 180)
(482, ',holding,', 0)
(483, ',holding,', 7)
(484, ',holding,', 60)
(485, ',holding,', 0)
(486, ',holding,', 0)
(487, ',holding,', 180)
(488, ',holding,', 300)
(489, ',holding,', 300)
(490, ',holding,', 300)
(491, ',holding,', 300)
(492, ',holding,', 300)
(493, ',holding,', 100)
(494, ',holding,', 100)
(495, ',holding,', 100)
(496, ',holding,', 100)
(497, ',holding,', 100)
(498, ',holding,', 1000)
(499, ',holding,', 1000)
(500, ',holding,', 0)
(501, ',holding,', 100)
(502, ',holding,', 20000)
(503, ',holding,', 1500)
(504, ',holding,', 0)
(505, ',holding,', 100)
(506, ',holding,', 20000)
(507, ',holding,', 1500)
(508, ',holding,', 0)
(509, ',holding,', 850)
(510, ',holding,', 10)
(511, ',holding,', 0)
(512, ',holding,', 0)
(513, ',holding,', 120)
(514, ',holding,', 120)
(515, ',holding,', 2)
(516, ',holding,', 0)
(517, ',holding,', 0)
(518, ',holding,', 1)
(519, ',holding,', 0)
(520, ',holding,', 0)
(521, ',holding,', 480)
(522, ',holding,', 1440)
(523, ',holding,', 65506)
(524, ',holding,', 65526)
(525, ',holding,', 65526)
(526, ',holding,', 0)
(527, ',holding,', 150)
(528, ',holding,', 0)
(529, ',holding,', 200)
(530, ',')
(540, ',')
(550, ',')
(560, ',')
(570, ',')
(580, ',')
(590, ',')
(600, ',')
(610, ',')
(620, ',')
(630, ',')
(640, ',')
(650, ',')
(660, ',')
(670, ',')
(680, ',')
(690, ',')
(700, ',')
(710, ',')
(720, ',')
(730, ',')
(740, ',')
(750, ',')
(760, ',')
(770, ',')
(780, ',')
(790, ',')
(800, ',')
(810, ',')
(820, ',')
(830, ',')
(840, ',')
(850, ',')
(860, ',')
(870, ',')
(880, ',')
(890, ',')
(900, ',')
(910, ',')
(920, ',')
(930, ',')
(940, ',')
(950, ',')
(960, ',')
(970, ',')
(980, ',')
(990, ',')
(1000, ',')
(1010, ',')
(1020, ',')
(1030, ',')
(1040, ',')
(1050, ',')
(1060, ',')
(1070, ',')
(1080, ',')
(1090, ',')
(1100, ',')
(1110, ',')
(1120, ',')
(1130, ',')
(1140, ',')
(1150, ',')
(1160, ',')
(1170, ',')
(1180, ',')
(1190, ',')
(1200, ',')
(1210, ',')
(1220, ',')
(1230, ',')
(1240, ',')
(1250, ',')
(1260, ',')
(1270, ',')
(1280, ',')
(1290, ',')
(1300, ',')
(1310, ',')
(1320, ',')
(1330, ',')
(1340, ',')
(1350, ',')
(1360, ',')
(1370, ',')
(1380, ',')
(1390, ',')
(1400, ',')
(1410, ',')
(1420, ',')
(1430, ',')
(1440, ',')
(1450, ',')
(1460, ',')
(1470, ',')
(1480, ',')
(1490, ',')
(1500, ',')
(1510, ',')
(1520, ',')
(1530, ',')
(1540, ',')
(1550, ',')
(1560, ',')
(1570, ',')
(1580, ',')
(1590, ',')
(1600, ',')
(1610, ',')
(1620, ',')
(1630, ',')
(1640, ',')
(1650, ',')
(1660, ',')
(1670, ',')
(1680, ',')
(1690, ',')
(1700, ',')
(1710, ',')
(1720, ',')
(1730, ',')
(1740, ',')
(1750, ',')
(1760, ',')
(1770, ',')
(1780, ',')
(1790, ',')
(1800, ',')
(1810, ',')
(1820, ',')
(1830, ',')
(1840, ',')
(1850, ',')
(1860, ',')
(1870, ',')
(1880, ',')
(1890, ',')
(1900, ',')
(1910, ',')
(1920, ',')
(1930, ',')
(1940, ',')
(1950, ',')
(1960, ',')
(1970, ',')
(1980, ',')
(1990, ',')
(2000, ',')
(2010, ',')
(2020, ',')
(2030, ',')
(2040, ',')
(2050, ',')
(2060, ',')
(2070, ',')
(2080, ',')
(2090, ',')
(2100, ',')
(2110, ',')
(2120, ',')
(2130, ',')
(2140, ',')
(2150, ',')
(2160, ',')
(2170, ',')
(2180, ',')
(2190, ',')
(2200, ',')
(2210, ',')
(2220, ',')
(2230, ',')
(2240, ',')
(2250, ',')
(2260, ',')
(2270, ',')
(2280, ',')
(2290, ',')
(2300, ',')
(2310, ',')
(2320, ',')
(2330, ',')
(2340, ',')
(2350, ',')
(2360, ',')
(2370, ',')
(2380, ',')
(2390, ',')
(2400, ',')
(2410, ',')
(2420, ',')
(2430, ',')
(2440, ',')
(2450, ',')
(2460, ',')
(2470, ',')
(2480, ',')
(2490, ',')
(2500, ',')
(2510, ',')
(2520, ',')
(2530, ',')
(2540, ',')
(2550, ',')
(2560, ',')
(2570, ',')
(2580, ',')
(2590, ',')
(2600, ',')
(2610, ',')
(2620, ',')
(2630, ',')
(2640, ',')
(2650, ',')
(2660, ',')
(2670, ',')
(2680, ',')
(2690, ',')
(2700, ',')
(2710, ',')
(2720, ',')
(2730, ',')
(2740, ',')
(2750, ',')
(2760, ',')
(2770, ',')
(2780, ',')
(2790, ',')
(2800, ',')
(2810, ',')
(2820, ',')
(2830, ',')
(2840, ',')
(2850, ',')
(2860, ',')
(2870, ',')
(2880, ',')
(2890, ',')
(2900, ',')
(2910, ',')
(2920, ',')
(2930, ',')
(2940, ',')
(2950, ',')
(2960, ',')
(2970, ',')
(2980, ',')
(2990, ',')
(3000, ',')
(3010, ',')
(3020, ',')
(3030, ',')
(3040, ',')
(3050, ',')
(3060, ',')
(3070, ',')
(3080, ',')
(3090, ',')
(3100, ',')
(3110, ',')
(3120, ',')
(3130, ',')
(3140, ',')
(3150, ',')
(3160, ',')
(3170, ',')
(3180, ',')
(3190, ',')
(3200, ',')
(3210, ',')
(3220, ',')
(3230, ',')
(3240, ',')
(3250, ',')
(3260, ',')
(3270, ',')
(3280, ',')
(3290, ',')
(3300, ',')
(3310, ',')
(3320, ',')
(3330, ',')
(3340, ',')
(3350, ',')
(3360, ',')
(3370, ',')
(3380, ',')
(3390, ',')
(3400, ',')
(3410, ',')
(3420, ',')
(3430, ',')
(3440, ',')
(3450, ',')
(3460, ',')
(3470, ',')
(3480, ',')
(3490, ',')
(3500, ',')
(3510, ',')
(3520, ',')
(3530, ',')
(3540, ',')
(3550, ',')
(3560, ',')
(3570, ',')
(3580, ',')
(3590, ',')
(3600, ',')
(3610, ',')
(3620, ',')
(3630, ',')
(3640, ',')
(3650, ',')
(3660, ',')
(3670, ',')
(3680, ',')
(3690, ',')
(3700, ',')
(3710, ',')
(3720, ',')
(3730, ',')
(3740, ',')
(3750, ',')
(3760, ',')
(3770, ',')
(3780, ',')
(3790, ',')
(3800, ',')
(3810, ',')
(3820, ',')
(3830, ',')
(3840, ',')
(3850, ',')
(3860, ',')
(3870, ',')
(3880, ',')
(3890, ',')
(3900, ',')
(3910, ',')
(3920, ',')
(3930, ',')
(3940, ',')
(3950, ',')
(3960, ',')
(3970, ',')
(3980, ',')
(3990, ',')
(4000, ',')
(4010, ',')
(4020, ',')
(4030, ',')
(4040, ',')
(4050, ',')
(4060, ',')
(4070, ',')
(4080, ',')
(4090, ',')
(4100, ',')
(4110, ',')
(4120, ',')
(4130, ',')
(4140, ',')
(4150, ',')
(4160, ',')
(4170, ',')
(4180, ',')
(4190, ',')
(4200, ',')
(4210, ',')
(4220, ',')
(4230, ',')
(4240, ',')
(4250, ',')
(4260, ',')
(4270, ',')
(4280, ',')
(4290, ',')
(4300, ',')
(4310, ',')
(4320, ',')
(4330, ',')
(4340, ',')
(4350, ',')
(4360, ',')
(4370, ',')
(4380, ',')
(4390, ',')
(4400, ',')
(4410, ',')
(4420, ',')
(4430, ',')
(4440, ',')
(4450, ',')
(4460, ',')
(4470, ',')
(4480, ',')
(4490, ',')
(4500, ',')
(4510, ',')
(4520, ',')
(4530, ',')
(4540, ',')
(4550, ',')
(4560, ',')
(4570, ',')
(4580, ',')
(4590, ',')
(4600, ',')
(4610, ',')
(4620, ',')
(4630, ',')
(4640, ',')
(4650, ',')
(4660, ',')
(4670, ',')
(4680, ',')
(4690, ',')
(4700, ',')
(4710, ',')
(4720, ',')
(4730, ',')
(4740, ',')
(4750, ',')
(4760, ',')
(4770, ',')
(4780, ',')
(4790, ',')
(4800, ',')
(4810, ',')
(4820, ',')
(4830, ',')
(4840, ',')
(4850, ',')
(4860, ',')
(4870, ',')
(4880, ',')
(4890, ',')
(4900, ',')
(4910, ',')
(4920, ',')
(4930, ',')
(4940, ',')
(4950, ',')
(4960, ',')
(4970, ',')
(4980, ',')
(4990, ',')
(5000, ',')
(5010, ',')
(5020, ',')
(5030, ',')
(5040, ',')
(5050, ',')
(5060, ',')
(5070, ',')
(5080, ',')
(5090, ',')
(5100, ',')
(5110, ',')
(5120, ',')
(5130, ',')
(5140, ',')
(5150, ',')
(5160, ',')
(5170, ',')
(5180, ',')
(5190, ',')
(5200, ',')
(5210, ',')
(5220, ',')
(5230, ',')
(5240, ',')
(5250, ',')
(5260, ',')
(5270, ',')
(5280, ',')
(5290, ',')
(5300, ',')
(5310, ',')
(5320, ',')
(5330, ',')
(5340, ',')
(5350, ',')
(5360, ',')
(5370, ',')
(5380, ',')
(5390, ',')
(5400, ',')
(5410, ',')
(5420, ',')
(5430, ',')
(5440, ',')
(5450, ',')
(5460, ',')
(5470, ',')
(5480, ',')
(5490, ',')
(5500, ',')
(5510, ',')
(5520, ',')
(5530, ',')
(5540, ',')
(5550, ',')
(5560, ',')
(5570, ',')
(5580, ',')
(5590, ',')
(5600, ',')
(5610, ',')
(5620, ',')
(5630, ',')
(5640, ',')
(5650, ',')
(5660, ',')
(5670, ',')
(5680, ',')
(5690, ',')
(5700, ',')
(5710, ',')
(5720, ',')
(5730, ',')
(5740, ',')
(5750, ',')
(5760, ',')
(5770, ',')
(5780, ',')
(5790, ',')
(5800, ',')
(5810, ',')
(5820, ',')
(5830, ',')
(5840, ',')
(5850, ',')
(5860, ',')
(5870, ',')
(5880, ',')
(5890, ',')
(5900, ',')
(5910, ',')
(5920, ',')
(5930, ',')
(5940, ',')
(5950, ',')
(5960, ',')
(5970, ',')
(5980, ',')
(5990, ',')
(6000, ',')
(6010, ',')
(6020, ',')
(6030, ',')
(6040, ',')
(6050, ',')
(6060, ',')
(6070, ',')
(6080, ',')
(6090, ',')
(6100, ',')
(6110, ',')
(6120, ',')
(6130, ',')
(6140, ',')
(6150, ',')
(6160, ',')
(6170, ',')
(6180, ',')
(6190, ',')
(6200, ',')
(6210, ',')
(6220, ',')
(6230, ',')
(6240, ',')
(6250, ',')
(6260, ',')
(6270, ',')
(6280, ',')
(6290, ',')
(6300, ',')
(6310, ',')
(6320, ',')
(6330, ',')
(6340, ',')
(6350, ',')
(6360, ',')
(6370, ',')
(6380, ',')
(6390, ',')
(6400, ',')
(6410, ',')
(6420, ',')
(6430, ',')
(6440, ',')
(6450, ',')
(6460, ',')
(6470, ',')
(6480, ',')
(6490, ',')
(6500, ',')
(6510, ',')
(6520, ',')
(6530, ',')
(6540, ',')
(6550, ',')
(6560, ',')
(6570, ',')
(6580, ',')
(6590, ',')
(6600, ',')
(6610, ',')
(6620, ',')
(6630, ',')
(6640, ',')
(6650, ',')
(6660, ',')
(6670, ',')
(6680, ',')
(6690, ',')
(6700, ',')
(6710, ',')
(6720, ',')
(6730, ',')
(6740, ',')
(6750, ',')
(6760, ',')
(6770, ',')
(6780, ',')
(6790, ',')
(6800, ',')
(6810, ',')
(6820, ',')
(6830, ',')
(6840, ',')
(6850, ',')
(6860, ',')
(6870, ',')
(6880, ',')
(6890, ',')
(6900, ',')
(6910, ',')
(6920, ',')
(6930, ',')
(6940, ',')
(6950, ',')
(6960, ',')
(6970, ',')
(6980, ',')
(6990, ',')
(7000, ',')
(7010, ',')
(7020, ',')
(7030, ',')
(7040, ',')
(7050, ',')
(7060, ',')
(7070, ',')
(7080, ',')
(7090, ',')
(7100, ',')
(7110, ',')
(7120, ',')
(7130, ',')
(7140, ',')
(7150, ',')
(7160, ',')
(7170, ',')
(7180, ',')
(7190, ',')
(7200, ',')
(7210, ',')
(7220, ',')
(7230, ',')
(7240, ',')
(7250, ',')
(7260, ',')
(7270, ',')
(7280, ',')
(7290, ',')
(7300, ',')
(7310, ',')
(7320, ',')
(7330, ',')
(7340, ',')
(7350, ',')
(7360, ',')
(7370, ',')
(7380, ',')
(7390, ',')
(7400, ',')
(7410, ',')
(7420, ',')
(7430, ',')
(7440, ',')
(7450, ',')
(7460, ',')
(7470, ',')
(7480, ',')
(7490, ',')
(7500, ',')
(7510, ',')
(7520, ',')
(7530, ',')
(7540, ',')
(7550, ',')
(7560, ',')
(7570, ',')
(7580, ',')
(7590, ',')
(7600, ',')
(7610, ',')
(7620, ',')
(7630, ',')
(7640, ',')
(7650, ',')
(7660, ',')
(7670, ',')
(7680, ',')
(7690, ',')
(7700, ',')
(7710, ',')
(7720, ',')
(7730, ',')
(7740, ',')
(7750, ',')
(7760, ',')
(7770, ',')
(7780, ',')
(7790, ',')
(7800, ',')
(7810, ',')
(7820, ',')
(7830, ',')
(7840, ',')
(7850, ',')
(7860, ',')
(7870, ',')
(7880, ',')
(7890, ',')
(7900, ',')
(7910, ',')
(7920, ',')
(7930, ',')
(7940, ',')
(7950, ',')
(7960, ',')
(7970, ',')
(7980, ',')
(7990, ',')
(8000, ',')
(8010, ',')
(8020, ',')
(8030, ',')
(8040, ',')
(8050, ',')
(8060, ',')
(8070, ',')
(8080, ',')
(8090, ',')
(8100, ',')
(8110, ',')
(8120, ',')
(8130, ',')
(8140, ',')
(8150, ',')
(8160, ',')
(8170, ',')
(8180, ',')
(8190, ',')
(8200, ',')
(8210, ',')
(8220, ',')
(8230, ',')
(8240, ',')
(8250, ',')
(8260, ',')
(8270, ',')
(8280, ',')
(8290, ',')
(8300, ',')
(8310, ',')
(8320, ',')
(8330, ',')
(8340, ',')
(8350, ',')
(8360, ',')
(8370, ',')
(8380, ',')
(8390, ',')
(8400, ',')
(8410, ',')
(8420, ',')
(8430, ',')
(8440, ',')
(8450, ',')
(8460, ',')
(8470, ',')
(8480, ',')
(8490, ',')
(8500, ',')
(8510, ',')
(8520, ',')
(8530, ',')
(8540, ',')
(8550, ',')
(8560, ',')
(8570, ',')
(8580, ',')
(8590, ',')
(8600, ',')
(8610, ',')
(8620, ',')
(8630, ',')
(8640, ',')
(8650, ',')
(8660, ',')
(8670, ',')
(8680, ',')
(8690, ',')
(8700, ',')
(8710, ',')
(8720, ',')
(8730, ',')
(8740, ',')
(8750, ',')
(8760, ',')
(8770, ',')
(8780, ',')
(8790, ',')
(8800, ',')
(8810, ',')
(8820, ',')
(8830, ',')
(8840, ',')
(8850, ',')
(8860, ',')
(8870, ',')
(8880, ',')
(8890, ',')
(8900, ',')
(8910, ',')
(8920, ',')
(8930, ',')
(8940, ',')
(8950, ',')
(8960, ',')
(8970, ',')
(8980, ',')
(8990, ',')
(9000, ',')
(9010, ',')
(9020, ',')
(9030, ',')
(9040, ',')
(9050, ',')
(9060, ',')
(9070, ',')
(9080, ',')
(9090, ',')
(9100, ',')
(9110, ',')
(9120, ',')
(9130, ',')
(9140, ',')
(9150, ',')
(9160, ',')
(9170, ',')
(9180, ',')
(9190, ',')
(9200, ',')
(9210, ',')
(9220, ',')
(9230, ',')
(9240, ',')
(9250, ',')
(9260, ',')
(9270, ',')
(9280, ',')
(9290, ',')
(9300, ',')
(9310, ',')
(9320, ',')
(9330, ',')
(9340, ',')
(9350, ',')
(9360, ',')
(9370, ',')
(9380, ',')
(9390, ',')
(9400, ',')
(9410, ',')
(9420, ',')
(9430, ',')
(9440, ',')
(9450, ',')
(9460, ',')
(9470, ',')
(9480, ',')
(9490, ',')
(9500, ',')
(9510, ',')
(9520, ',')
(9530, ',')
(9540, ',')
(9550, ',')
(9560, ',')
(9570, ',')
(9580, ',')
(9590, ',')
(9600, ',')
(9610, ',')
(9620, ',')
(9630, ',')
(9640, ',')
(9650, ',')
(9660, ',')
(9670, ',')
(9680, ',')
(9690, ',')
(9700, ',')
(9710, ',')
(9720, ',')
(9730, ',')
(9740, ',')
(9750, ',')
(9760, ',')
(9770, ',')
(9780, ',')
(9790, ',')
(9800, ',')
(9810, ',')
(9820, ',')
(9830, ',')
(9840, ',')
(9850, ',')
(9860, ',')
(9870, ',')
(9880, ',')
(9890, ',')
(9900, ',')
(9910, ',')
(9920, ',')
(9930, ',')
(9940, ',')
(9950, ',')
(9960, ',')
(9970, ',')
(9980, ',')
(9990, ',')


(0, ',input,', 7)
(1, ',input,', 0)
(2, ',input,', 5)
(3, ',input,', 32767)
(4, ',input,', 32767)
(5, ',input,', 0)
(6, ',input,', 117)
(7, ',input,', 220)
(8, ',input,', 164)
(9, ',input,', 0)
(10, ',input,', 0)
(11, ',input,', 0)
(12, ',input,', 1042)
(13, ',input,', 1578)
(14, ',input,', 1031)
(15, ',input,', 1269)
(16, ',input,', 0)
(17, ',input,', 0)
(18, ',input,', 0)
(19, ',input,', 0)
(20, ',input,', 0)
(21, ',input,', 0)
(22, ',input,', 0)
(23, ',input,', 0)
(24, ',input,', 0)
(25, ',input,', 117)
(26, ',input,', 164)
(27, ',input,', 0)
(28, ',input,', 7)
(29, ',input,', 5000)
(30, ',input,', 1042)
(31, ',input,', 2148)
(32, ',input,', 1578)
(33, ',input,', 2)
(34, ',input,', 3)
(35, ',input,', 0)
(36, ',input,', 1)
(37, ',input,', 0)
(38, ',input,', 8)
(39, ',input,', 18)
(40, ',input,', 9)
(41, ',input,', 18)
(42, ',input,', 6)
(43, ',input,', 17)
(44, ',input,', 19)
(45, ',input,', 12)
(46, ',input,', 9)
(47, ',input,', 7)
(48, ',input,', 14)
(49, ',input,', 0)
(50, ',input,', 0)
(51, ',input,', 0)
(52, ',input,', 0)
(53, ',input,', 100)
(54, ',input,', 100)
(55, ',input,', 0)
(56, ',input,', 58)
(57, ',input,', 43)
(58, ',input,', 9)
(59, ',input,', 2)
(60, ',input,', 3)
(61, ',input,', 4)
(62, ',input,', 5)
(63, ',input,', 18)
(64, ',input,', 9)
(65, ',input,', 15)
(66, ',input,', 43)
(67, ',input,', 11)
(68, ',input,', 26)
(69, ',input,', 47)
(70, ',input,', 1)
(71, ',input,', 1)
(72, ',input,', 1)
(73, ',input,', 1)
(74, ',input,', 1)
(75, ',input,', 1)
(76, ',input,', 1)
(77, ',input,', 1)
(78, ',input,', 1)
(79, ',input,', 1)
(80, ',input,', 1)
(81, ',input,', 1)
(82, ',input,', 1)
(83, ',input,', 1)
(84, ',input,', 1)
(85, ',input,', 1)
(86, ',input,', 1)
(87, ',input,', 1)
(88, ',input,', 1)
(89, ',input,', 1)
(90, ',input,', 1)
(91, ',input,', 1)
(92, ',input,', 1)
(93, ',input,', 1)
(94, ',input,', 1)
(95, ',input,', 1)
(96, ',input,', 1)
(97, ',input,', 1)
(98, ',input,', 1)
(99, ',input,', 1)
(100, ',input,', 1)
(101, ',input,', 1)
(102, ',input,', 1)
(103, ',input,', 1)
(104, ',input,', 1)
(105, ',input,', 1)
(106, ',input,', 1)
(107, ',input,', 1)
(108, ',input,', 1)
(109, ',input,', 1)
(110, ',input,', 1)
(111, ',input,', 1)
(112, ',input,', 1)
(113, ',input,', 1)
(114, ',input,', 1)
(115, ',input,', 1)
(116, ',input,', 1)
(117, ',input,', 1)
(118, ',input,', 100)
(119, ',input,', 100)
(120, ',input,', 0)
(121, ',input,', 58)
(122, ',input,', 43)
(123, ',input,', 0)
(124, ',input,', 0)
(125, ',input,', 1000)
(126, ',input,', 210)
(127, ',input,', 583)
(128, ',input,', 431)
(129, ',input,', 0)
(130, ',input,', 0)
(131, ',input,', 180)
(132, ',input,', 0)
(133, ',input,', 0)
(134, ',input,', 0)
(135, ',input,', 72)
(136, ',input,', 1)
(137, ',input,', 1)
(138, ',input,', 1)
(139, ',input,', 1)
(140, ',input,', 1)
(141, ',input,', 1)
(142, ',input,', 1)
(143, ',input,', 1)
(144, ',input,', 1)
(145, ',input,', 1)
(146, ',input,', 1)
(147, ',input,', 1)
(148, ',input,', 1)
(149, ',input,', 0)
(150, ',input,', 0)
(151, ',input,', 0)
(152, ',input,', 2148)
(153, ',input,', 1480)
(154, ',input,', 0)
(155, ',input,', 1)
(156, ',input,', 1)
(157, ',input,', 1)
(158, ',input,', 1)
(159, ',input,', 1)
(160, ',input,', 1)
(161, ',input,', 1)
(162, ',input,', 1)
(163, ',input,', 1)
(164, ',input,', 1)
(165, ',input,', 1)
(166, ',input,', 1)
(167, ',input,', 1)
(168, ',input,', 1)
(169, ',input,', 1)
(170, ',input,', 1)
(171, ',input,', 1)
(172, ',input,', 1)
(173, ',input,', 1)
(174, ',input,', 1)
(175, ',input,', 1)
(176, ',input,', 1)
(177, ',input,', 1)
(178, ',input,', 1)
(179, ',input,', 1)
(180, ',input,', 1)
(181, ',input,', 0)
(182, ',input,', 0)
(183, ',input,', 0)
(184, ',input,', 0)
(185, ',input,', 0)
(186, ',input,', 0)
(187, ',input,', 0)
(188, ',input,', 0)
(189, ',input,', 0)
(190, ',input,', 0)
(191, ',input,', 0)
(192, ',input,', 0)
(193, ',input,', 0)
(194, ',input,', 0)
(195, ',input,', 0)
(196, ',input,', 0)
(197, ',input,', 0)
(198, ',input,', 0)
(199, ',input,', 0)
(200, ',input,', 0)
(201, ',input,', 0)
(202, ',input,', 0)
(203, ',input,', 0)
(204, ',input,', 0)
(205, ',input,', 0)
(206, ',input,', 0)
(207, ',input,', 0)
(208, ',input,', 0)
(209, ',input,', 0)
(210, ',input,', 0)
(211, ',input,', 0)
(212, ',input,', 0)
(213, ',input,', 0)
(214, ',input,', 0)
(215, ',input,', 0)
(216, ',input,', 0)
(217, ',input,', 0)
(218, ',input,', 0)
(219, ',input,', 0)
(220, ',input,', 0)
(221, ',input,', 0)
(222, ',input,', 0)
(223, ',input,', 0)
(224, ',input,', 0)
(225, ',input,', 0)
(226, ',input,', 0)
(227, ',input,', 0)
(228, ',input,', 0)
(229, ',input,', 0)
(230, ',input,', 0)
(231, ',input,', 0)
(232, ',input,', 0)
(233, ',input,', 0)
(234, ',input,', 0)
(235, ',input,', 0)
(236, ',input,', 0)
(237, ',input,', 0)
(238, ',input,', 0)
(239, ',input,', 0)
(240, ',input,', 0)
(241, ',input,', 0)
(242, ',input,', 0)
(243, ',input,', 0)
(244, ',input,', 0)
(245, ',input,', 0)
(246, ',input,', 0)
(247, ',input,', 0)
(248, ',input,', 0)
(249, ',input,', 0)
(250, ',input,', 0)
(251, ',input,', 0)
(252, ',input,', 0)
(253, ',input,', 0)
(254, ',input,', 0)
(255, ',input,', 0)
(256, ',input,', 0)
(257, ',input,', 0)
(258, ',input,', 0)
(259, ',input,', 0)
(260, ',input,', 0)
(261, ',input,', 0)
(262, ',input,', 0)
(263, ',input,', 0)
(264, ',input,', 0)
(265, ',input,', 0)
(266, ',input,', 0)
(267, ',input,', 0)
(268, ',input,', 0)
(269, ',input,', 0)
(270, ',input,', 0)
(271, ',input,', 0)
(272, ',input,', 0)
(273, ',input,', 0)
(274, ',input,', 0)
(275, ',input,', 0)
(276, ',input,', 0)
(277, ',input,', 0)
(278, ',input,', 0)
(279, ',input,', 0)
(280, ',input,', 0)
(281, ',input,', 100)
(282, ',input,', 0)
(283, ',input,', 2)
(284, ',input,', 1)
(285, ',input,', 0)
(286, ',input,', 0)
(287, ',input,', 0)
(288, ',input,', 0)
(289, ',input,', 0)
(290, ',input,', 0)
(291, ',input,', 0)
(292, ',input,', 0)
(293, ',input,', 0)
(294, ',input,', 0)
(295, ',input,', 0)
(296, ',input,', 1)
(297, ',input,', 0)
(298, ',input,', 0)
(299, ',input,', 0)
(300, ',input,', 0)
(301, ',input,', 0)
(302, ',input,', 1)
(303, ',input,', 1)
(304, ',input,', 1)
(305, ',input,', 1)
(306, ',input,', 1)
(307, ',input,', 1)
(308, ',input,', 1)
(309, ',input,', 1)
(310, ',input,', 1)
(311, ',input,', 1)
(312, ',input,', 1)
(313, ',input,', 1)
(314, ',input,', 1)
(315, ',input,', 1)
(316, ',input,', 1)
(317, ',input,', 1)
(318, ',input,', 1)
(319, ',input,', 1)
(320, ',input,', 1)
(321, ',input,', 1)
(322, ',input,', 1)
(323, ',input,', 1)
(324, ',input,', 1)
(325, ',input,', 1)
(326, ',input,', 1)
(327, ',input,', 1)
(328, ',input,', 0)
(329, ',input,', 25)
(330, ',input,', 101)
(331, ',input,', 1)
(332, ',input,', 1)
(333, ',input,', 1)
(334, ',input,', 1)
(335, ',input,', 1)
(336, ',input,', 1)
(337, ',input,', 1)
(338, ',input,', 1)
(339, ',input,', 1)
(340, ',input,', 1)
(341, ',input,', 0)
(342, ',input,', 0)
(343, ',input,', 0)
(344, ',input,', 0)
(345, ',input,', 0)
(346, ',input,', 0)
(347, ',input,', 0)
(348, ',input,', 0)
(349, ',input,', 0)
(350, ',input,', 0)
(351, ',input,', 0)
(352, ',input,', 0)
(353, ',input,', 0)
(354, ',input,', 0)
(355, ',input,', 0)
(356, ',input,', 0)
(357, ',input,', 0)
(358, ',input,', 0)
(359, ',input,', 0)
(360, ',')
(370, ',')
(380, ',')
(390, ',')
(400, ',')
(410, ',')
(420, ',')
(430, ',')
(440, ',')
(450, ',')
(460, ',')
(470, ',')
(480, ',')
(490, ',')
(500, ',')
(510, ',')
(520, ',')
(530, ',')
(540, ',')
(550, ',')
(560, ',')
(570, ',')
(580, ',')
(590, ',')
(600, ',')
(610, ',')
(620, ',')
(630, ',')
(640, ',')
(650, ',')
(660, ',')
(670, ',')
(680, ',')
(690, ',')
(700, ',')
(710, ',')
(720, ',')
(730, ',')
(740, ',')
(750, ',')
(760, ',')
(770, ',')
(780, ',')
(790, ',')
(800, ',')
(810, ',')
(820, ',')
(830, ',')
(840, ',')
(850, ',')
(860, ',')
(870, ',')
(880, ',')
(890, ',')
(900, ',')
(910, ',')
(920, ',')
(930, ',')
(940, ',')
(950, ',')
(960, ',')
(970, ',')
(980, ',')
(990, ',')
(1000, ',')
(1010, ',')
(1020, ',')
(1030, ',')
(1040, ',')
(1050, ',')
(1060, ',')
(1070, ',')
(1080, ',')
(1090, ',')
(1100, ',')
(1110, ',')
(1120, ',')
(1130, ',')
(1140, ',')
(1150, ',')
(1160, ',')
(1170, ',')
(1180, ',')
(1190, ',')
(1200, ',')
(1210, ',')
(1220, ',')
(1230, ',')
(1240, ',')
(1250, ',')
(1260, ',')
(1270, ',')
(1280, ',')
(1290, ',')
(1300, ',')
(1310, ',')
(1320, ',')
(1330, ',')
(1340, ',')
(1350, ',')
(1360, ',')
(1370, ',')
(1380, ',')
(1390, ',')
(1400, ',')
(1410, ',')
(1420, ',')
(1430, ',')
(1440, ',')
(1450, ',')
(1460, ',')
(1470, ',')
(1480, ',')
(1490, ',')
(1500, ',')
(1510, ',')
(1520, ',')
(1530, ',')
(1540, ',')
(1550, ',')
(1560, ',')
(1570, ',')
(1580, ',')
(1590, ',')
(1600, ',')
(1610, ',')
(1620, ',')
(1630, ',')
(1640, ',')
(1650, ',')
(1660, ',')
(1670, ',')
(1680, ',')
(1690, ',')
(1700, ',')
(1710, ',')
(1720, ',')
(1730, ',')
(1740, ',')
(1750, ',')
(1760, ',')
(1770, ',')
(1780, ',')
(1790, ',')
(1800, ',')
(1810, ',')
(1820, ',')
(1830, ',')
(1840, ',')
(1850, ',')
(1860, ',')
(1870, ',')
(1880, ',')
(1890, ',')
(1900, ',')
(1910, ',')
(1920, ',')
(1930, ',')
(1940, ',')
(1950, ',')
(1960, ',')
(1970, ',')
(1980, ',')
(1990, ',')
(2000, ',')
(2010, ',')
(2020, ',')
(2030, ',')
(2040, ',')
(2050, ',')
(2060, ',')
(2070, ',')
(2080, ',')
(2090, ',')
(2100, ',')
(2110, ',')
(2120, ',')
(2130, ',')
(2140, ',')
(2150, ',')
(2160, ',')
(2170, ',')
(2180, ',')
(2190, ',')
(2200, ',')
(2210, ',')
(2220, ',')
(2230, ',')
(2240, ',')
(2250, ',')
(2260, ',')
(2270, ',')
(2280, ',')
(2290, ',')
(2300, ',')
(2310, ',')
(2320, ',')
(2330, ',')
(2340, ',')
(2350, ',')
(2360, ',')
(2370, ',')
(2380, ',')
(2390, ',')
(2400, ',')
(2410, ',')
(2420, ',')
(2430, ',')
(2440, ',')
(2450, ',')
(2460, ',')
(2470, ',')
(2480, ',')
(2490, ',')
(2500, ',')
(2510, ',')
(2520, ',')
(2530, ',')
(2540, ',')
(2550, ',')
(2560, ',')
(2570, ',')
(2580, ',')
(2590, ',')
(2600, ',')
(2610, ',')
(2620, ',')
(2630, ',')
(2640, ',')
(2650, ',')
(2660, ',')
(2670, ',')
(2680, ',')
(2690, ',')
(2700, ',')
(2710, ',')
(2720, ',')
(2730, ',')
(2740, ',')
(2750, ',')
(2760, ',')
(2770, ',')
(2780, ',')
(2790, ',')
(2800, ',')
(2810, ',')
(2820, ',')
(2830, ',')
(2840, ',')
(2850, ',')
(2860, ',')
(2870, ',')
(2880, ',')
(2890, ',')
(2900, ',')
(2910, ',')
(2920, ',')
(2930, ',')
(2940, ',')
(2950, ',')
(2960, ',')
(2970, ',')
(2980, ',')
(2990, ',')
(3000, ',')
(3010, ',')
(3020, ',')
(3030, ',')
(3040, ',')
(3050, ',')
(3060, ',')
(3070, ',')
(3080, ',')
(3090, ',')
(3100, ',')
(3110, ',')
(3120, ',')
(3130, ',')
(3140, ',')
(3150, ',')
(3160, ',')
(3170, ',')
(3180, ',')
(3190, ',')
(3200, ',')
(3210, ',')
(3220, ',')
(3230, ',')
(3240, ',')
(3250, ',')
(3260, ',')
(3270, ',')
(3280, ',')
(3290, ',')
(3300, ',')
(3310, ',')
(3320, ',')
(3330, ',')
(3340, ',')
(3350, ',')
(3360, ',')
(3370, ',')
(3380, ',')
(3390, ',')
(3400, ',')
(3410, ',')
(3420, ',')
(3430, ',')
(3440, ',')
(3450, ',')
(3460, ',')
(3470, ',')
(3480, ',')
(3490, ',')
(3500, ',')
(3510, ',')
(3520, ',')
(3530, ',')
(3540, ',')
(3550, ',')
(3560, ',')
(3570, ',')
(3580, ',')
(3590, ',')
(3600, ',')
(3610, ',')
(3620, ',')
(3630, ',')
(3640, ',')
(3650, ',')
(3660, ',')
(3670, ',')
(3680, ',')
(3690, ',')
(3700, ',')
(3710, ',')
(3720, ',')
(3730, ',')
(3740, ',')
(3750, ',')
(3760, ',')
(3770, ',')
(3780, ',')
(3790, ',')
(3800, ',')
(3810, ',')
(3820, ',')
(3830, ',')
(3840, ',')
(3850, ',')
(3860, ',')
(3870, ',')
(3880, ',')
(3890, ',')
(3900, ',')
(3910, ',')
(3920, ',')
(3930, ',')
(3940, ',')
(3950, ',')
(3960, ',')
(3970, ',')
(3980, ',')
(3990, ',')
(4000, ',')
(4010, ',')
(4020, ',')
(4030, ',')
(4040, ',')
(4050, ',')
(4060, ',')
(4070, ',')
(4080, ',')
(4090, ',')
(4100, ',')
(4110, ',')
(4120, ',')
(4130, ',')
(4140, ',')
(4150, ',')
(4160, ',')
(4170, ',')
(4180, ',')
(4190, ',')
(4200, ',')
(4210, ',')
(4220, ',')
(4230, ',')
(4240, ',')
(4250, ',')
(4260, ',')
(4270, ',')
(4280, ',')
(4290, ',')
(4300, ',')
(4310, ',')
(4320, ',')
(4330, ',')
(4340, ',')
(4350, ',')
(4360, ',')
(4370, ',')
(4380, ',')
(4390, ',')
(4400, ',')
(4410, ',')
(4420, ',')
(4430, ',')
(4440, ',')
(4450, ',')
(4460, ',')
(4470, ',')
(4480, ',')
(4490, ',')
(4500, ',')
(4510, ',')
(4520, ',')
(4530, ',')
(4540, ',')
(4550, ',')
(4560, ',')
(4570, ',')
(4580, ',')
(4590, ',')
(4600, ',')
(4610, ',')
(4620, ',')
(4630, ',')
(4640, ',')
(4650, ',')
(4660, ',')
(4670, ',')
(4680, ',')
(4690, ',')
(4700, ',')
(4710, ',')
(4720, ',')
(4730, ',')
(4740, ',')
(4750, ',')
(4760, ',')
(4770, ',')
(4780, ',')
(4790, ',')
(4800, ',')
(4810, ',')
(4820, ',')
(4830, ',')
(4840, ',')
(4850, ',')
(4860, ',')
(4870, ',')
(4880, ',')
(4890, ',')
(4900, ',')
(4910, ',')
(4920, ',')
(4930, ',')
(4940, ',')
(4950, ',')
(4960, ',')
(4970, ',')
(4980, ',')
(4990, ',')
(5000, ',')
(5010, ',')
(5020, ',')
(5030, ',')
(5040, ',')
(5050, ',')
(5060, ',')
(5070, ',')
(5080, ',')
(5090, ',')
(5100, ',')
(5110, ',')
(5120, ',')
(5130, ',')
(5140, ',')
(5150, ',')
(5160, ',')
(5170, ',')
(5180, ',')
(5190, ',')
(5200, ',')
(5210, ',')
(5220, ',')
(5230, ',')
(5240, ',')
(5250, ',')
(5260, ',')
(5270, ',')
(5280, ',')
(5290, ',')
(5300, ',')
(5310, ',')
(5320, ',')
(5330, ',')
(5340, ',')
(5350, ',')
(5360, ',')
(5370, ',')
(5380, ',')
(5390, ',')
(5400, ',')
(5410, ',')
(5420, ',')
(5430, ',')
(5440, ',')
(5450, ',')
(5460, ',')
(5470, ',')
(5480, ',')
(5490, ',')
(5500, ',')
(5510, ',')
(5520, ',')
(5530, ',')
(5540, ',')
(5550, ',')
(5560, ',')
(5570, ',')
(5580, ',')
(5590, ',')
(5600, ',')
(5610, ',')
(5620, ',')
(5630, ',')
(5640, ',')
(5650, ',')
(5660, ',')
(5670, ',')
(5680, ',')
(5690, ',')
(5700, ',')
(5710, ',')
(5720, ',')
(5730, ',')
(5740, ',')
(5750, ',')
(5760, ',')
(5770, ',')
(5780, ',')
(5790, ',')
(5800, ',')
(5810, ',')
(5820, ',')
(5830, ',')
(5840, ',')
(5850, ',')
(5860, ',')
(5870, ',')
(5880, ',')
(5890, ',')
(5900, ',')
(5910, ',')
(5920, ',')
(5930, ',')
(5940, ',')
(5950, ',')
(5960, ',')
(5970, ',')
(5980, ',')
(5990, ',')
(6000, ',')
(6010, ',')
(6020, ',')
(6030, ',')
(6040, ',')
(6050, ',')
(6060, ',')
(6070, ',')
(6080, ',')
(6090, ',')
(6100, ',')
(6110, ',')
(6120, ',')
(6130, ',')
(6140, ',')
(6150, ',')
(6160, ',')
(6170, ',')
(6180, ',')
(6190, ',')
(6200, ',')
(6210, ',')
(6220, ',')
(6230, ',')
(6240, ',')
(6250, ',')
(6260, ',')
(6270, ',')
(6280, ',')
(6290, ',')
(6300, ',')
(6310, ',')
(6320, ',')
(6330, ',')
(6340, ',')
(6350, ',')
(6360, ',')
(6370, ',')
(6380, ',')
(6390, ',')
(6400, ',')
(6410, ',')
(6420, ',')
(6430, ',')
(6440, ',')
(6450, ',')
(6460, ',')
(6470, ',')
(6480, ',')
(6490, ',')
(6500, ',')
(6510, ',')
(6520, ',')
(6530, ',')
(6540, ',')
(6550, ',')
(6560, ',')
(6570, ',')
(6580, ',')
(6590, ',')
(6600, ',')
(6610, ',')
(6620, ',')
(6630, ',')
(6640, ',')
(6650, ',')
(6660, ',')
(6670, ',')
(6680, ',')
(6690, ',')
(6700, ',')
(6710, ',')
(6720, ',')
(6730, ',')
(6740, ',')
(6750, ',')
(6760, ',')
(6770, ',')
(6780, ',')
(6790, ',')
(6800, ',')
(6810, ',')
(6820, ',')
(6830, ',')
(6840, ',')
(6850, ',')
(6860, ',')
(6870, ',')
(6880, ',')
(6890, ',')
(6900, ',')
(6910, ',')
(6920, ',')
(6930, ',')
(6940, ',')
(6950, ',')
(6960, ',')
(6970, ',')
(6980, ',')
(6990, ',')
(7000, ',')
(7010, ',')
(7020, ',')
(7030, ',')
(7040, ',')
(7050, ',')
(7060, ',')
(7070, ',')
(7080, ',')
(7090, ',')
(7100, ',')
(7110, ',')
(7120, ',')
(7130, ',')
(7140, ',')
(7150, ',')
(7160, ',')
(7170, ',')
(7180, ',')
(7190, ',')
(7200, ',')
(7210, ',')
(7220, ',')
(7230, ',')
(7240, ',')
(7250, ',')
(7260, ',')
(7270, ',')
(7280, ',')
(7290, ',')
(7300, ',')
(7310, ',')
(7320, ',')
(7330, ',')
(7340, ',')
(7350, ',')
(7360, ',')
(7370, ',')
(7380, ',')
(7390, ',')
(7400, ',')
(7410, ',')
(7420, ',')
(7430, ',')
(7440, ',')
(7450, ',')
(7460, ',')
(7470, ',')
(7480, ',')
(7490, ',')
(7500, ',')
(7510, ',')
(7520, ',')
(7530, ',')
(7540, ',')
(7550, ',')
(7560, ',')
(7570, ',')
(7580, ',')
(7590, ',')
(7600, ',')
(7610, ',')
(7620, ',')
(7630, ',')
(7640, ',')
(7650, ',')
(7660, ',')
(7670, ',')
(7680, ',')
(7690, ',')
(7700, ',')
(7710, ',')
(7720, ',')
(7730, ',')
(7740, ',')
(7750, ',')
(7760, ',')
(7770, ',')
(7780, ',')
(7790, ',')
(7800, ',')
(7810, ',')
(7820, ',')
(7830, ',')
(7840, ',')
(7850, ',')
(7860, ',')
(7870, ',')
(7880, ',')
(7890, ',')
(7900, ',')
(7910, ',')
(7920, ',')
(7930, ',')
(7940, ',')
(7950, ',')
(7960, ',')
(7970, ',')
(7980, ',')
(7990, ',')
(8000, ',')
(8010, ',')
(8020, ',')
(8030, ',')
(8040, ',')
(8050, ',')
(8060, ',')
(8070, ',')
(8080, ',')
(8090, ',')
(8100, ',')
(8110, ',')
(8120, ',')
(8130, ',')
(8140, ',')
(8150, ',')
(8160, ',')
(8170, ',')
(8180, ',')
(8190, ',')
(8200, ',')
(8210, ',')
(8220, ',')
(8230, ',')
(8240, ',')
(8250, ',')
(8260, ',')
(8270, ',')
(8280, ',')
(8290, ',')
(8300, ',')
(8310, ',')
(8320, ',')
(8330, ',')
(8340, ',')
(8350, ',')
(8360, ',')
(8370, ',')
(8380, ',')
(8390, ',')
(8400, ',')
(8410, ',')
(8420, ',')
(8430, ',')
(8440, ',')
(8450, ',')
(8460, ',')
(8470, ',')
(8480, ',')
(8490, ',')
(8500, ',')
(8510, ',')
(8520, ',')
(8530, ',')
(8540, ',')
(8550, ',')
(8560, ',')
(8570, ',')
(8580, ',')
(8590, ',')
(8600, ',')
(8610, ',')
(8620, ',')
(8630, ',')
(8640, ',')
(8650, ',')
(8660, ',')
(8670, ',')
(8680, ',')
(8690, ',')
(8700, ',')
(8710, ',')
(8720, ',')
(8730, ',')
(8740, ',')
(8750, ',')
(8760, ',')
(8770, ',')
(8780, ',')
(8790, ',')
(8800, ',')
(8810, ',')
(8820, ',')
(8830, ',')
(8840, ',')
(8850, ',')
(8860, ',')
(8870, ',')
(8880, ',')
(8890, ',')
(8900, ',')
(8910, ',')
(8920, ',')
(8930, ',')
(8940, ',')
(8950, ',')
(8960, ',')
(8970, ',')
(8980, ',')
(8990, ',')
(9000, ',')
(9010, ',')
(9020, ',')
(9030, ',')
(9040, ',')
(9050, ',')
(9060, ',')
(9070, ',')
(9080, ',')
(9090, ',')
(9100, ',')
(9110, ',')
(9120, ',')
(9130, ',')
(9140, ',')
(9150, ',')
(9160, ',')
(9170, ',')
(9180, ',')
(9190, ',')
(9200, ',')
(9210, ',')
(9220, ',')
(9230, ',')
(9240, ',')
(9250, ',')
(9260, ',')
(9270, ',')
(9280, ',')
(9290, ',')
(9300, ',')
(9310, ',')
(9320, ',')
(9330, ',')
(9340, ',')
(9350, ',')
(9360, ',')
(9370, ',')
(9380, ',')
(9390, ',')
(9400, ',')
(9410, ',')
(9420, ',')
(9430, ',')
(9440, ',')
(9450, ',')
(9460, ',')
(9470, ',')
(9480, ',')
(9490, ',')
(9500, ',')
(9510, ',')
(9520, ',')
(9530, ',')
(9540, ',')
(9550, ',')
(9560, ',')
(9570, ',')
(9580, ',')
(9590, ',')
(9600, ',')
(9610, ',')
(9620, ',')
(9630, ',')
(9640, ',')
(9650, ',')
(9660, ',')
(9670, ',')
(9680, ',')
(9690, ',')
(9700, ',')
(9710, ',')
(9720, ',')
(9730, ',')
(9740, ',')
(9750, ',')
(9760, ',')
(9770, ',')
(9780, ',')
(9790, ',')
(9800, ',')
(9810, ',')
(9820, ',')
(9830, ',')
(9840, ',')
(9850, ',')
(9860, ',')
(9870, ',')
(9880, ',')
(9890, ',')
(9900, ',')
(9910, ',')
(9920, ',')
(9930, ',')
(9940, ',')
(9950, ',')
(9960, ',')
(9970, ',')
(9980, ',')
(9990, ',')
